<?xml version="1.0" encoding="UTF-8"?>
<testng-results skipped="0" failed="0" total="1" passed="1">
  <reporter-output>
  </reporter-output>
  <suite name="CharterWebMavenized" duration-ms="116182" started-at="2016-05-22T10:29:27Z" finished-at="2016-05-22T10:31:23Z">
    <groups>
    </groups>
    <test name="CharterMavenized" duration-ms="116182" started-at="2016-05-22T10:29:27Z" finished-at="2016-05-22T10:31:23Z">
      <class name="com.test.charter.testcases.LandingPageTestCase">
        <test-method status="PASS" signature="initializeBaseTest()[pri:0, instance:com.test.charter.testcases.LandingPageTestCase@109b8da]" name="initializeBaseTest" is-config="true" duration-ms="90250" started-at="2016-05-22T15:59:27Z" finished-at="2016-05-22T16:00:57Z">
          <reporter-output>
          </reporter-output>
        </test-method> <!-- initializeBaseTest -->
        <test-method status="PASS" signature="setUp()[pri:0, instance:com.test.charter.testcases.LandingPageTestCase@109b8da]" name="setUp" is-config="true" duration-ms="5906" started-at="2016-05-22T16:00:57Z" finished-at="2016-05-22T16:01:03Z">
          <reporter-output>
          </reporter-output>
        </test-method> <!-- setUp -->
        <test-method status="PASS" signature="testLandingPage()[pri:0, instance:com.test.charter.testcases.LandingPageTestCase@109b8da]" name="testLandingPage" duration-ms="12972" started-at="2016-05-22T16:01:03Z" finished-at="2016-05-22T16:01:16Z">
          <reporter-output>
          </reporter-output>
        </test-method> <!-- testLandingPage -->
        <test-method status="PASS" signature="closeBrowser()[pri:0, instance:com.test.charter.testcases.LandingPageTestCase@109b8da]" name="closeBrowser" is-config="true" duration-ms="7037" started-at="2016-05-22T16:01:16Z" finished-at="2016-05-22T16:01:23Z">
          <reporter-output>
          </reporter-output>
        </test-method> <!-- closeBrowser -->
      </class> <!-- com.test.charter.testcases.LandingPageTestCase -->
    </test> <!-- CharterMavenized -->
  </suite> <!-- CharterWebMavenized -->
</testng-results>
