<?xml version="1.0" encoding="UTF-8"?>
<testng-results skipped="0" failed="0" total="1" passed="1">
  <reporter-output>
  </reporter-output>
  <suite name="CharterWebMavenized" duration-ms="40925" started-at="2016-04-24T08:08:35Z" finished-at="2016-04-24T08:09:16Z">
    <groups>
    </groups>
    <test name="CharterMavenized" duration-ms="40925" started-at="2016-04-24T08:08:35Z" finished-at="2016-04-24T08:09:16Z">
      <class name="com.test.charter.testcases.LandingPageTestCase">
        <test-method status="PASS" signature="initializeBaseTest()[pri:0, instance:com.test.charter.testcases.LandingPageTestCase@163425a]" name="initializeBaseTest" is-config="true" duration-ms="26224" started-at="2016-04-24T13:38:35Z" finished-at="2016-04-24T13:39:01Z">
          <reporter-output>
          </reporter-output>
        </test-method> <!-- initializeBaseTest -->
        <test-method status="PASS" signature="setUp()[pri:0, instance:com.test.charter.testcases.LandingPageTestCase@163425a]" name="setUp" is-config="true" duration-ms="743" started-at="2016-04-24T13:39:01Z" finished-at="2016-04-24T13:39:02Z">
          <reporter-output>
          </reporter-output>
        </test-method> <!-- setUp -->
        <test-method status="PASS" signature="testLandingPage()[pri:0, instance:com.test.charter.testcases.LandingPageTestCase@163425a]" name="testLandingPage" duration-ms="10821" started-at="2016-04-24T13:39:02Z" finished-at="2016-04-24T13:39:12Z">
          <reporter-output>
          </reporter-output>
        </test-method> <!-- testLandingPage -->
        <test-method status="PASS" signature="closeBrowser()[pri:0, instance:com.test.charter.testcases.LandingPageTestCase@163425a]" name="closeBrowser" is-config="true" duration-ms="3125" started-at="2016-04-24T13:39:12Z" finished-at="2016-04-24T13:39:16Z">
          <reporter-output>
          </reporter-output>
        </test-method> <!-- closeBrowser -->
      </class> <!-- com.test.charter.testcases.LandingPageTestCase -->
    </test> <!-- CharterMavenized -->
  </suite> <!-- CharterWebMavenized -->
</testng-results>
